This is pdfTeX, Version 3.141592653-2.6-1.40.27 (TeX Live 2025) (preloaded format=pdflatex 2025.5.11)  21 MAY 2025 01:09
entering extended mode
 restricted \write18 enabled.
 file:line:error style messages enabled.
 %&-line parsing enabled.
**"/Users/anthonyeldred/Developer/School/math_stats/Summer Math Stats reference list/main.tex"
(/Users/anthonyeldred/Developer/School/math_stats/Summer Math Stats reference list/main.tex
LaTeX2e <2024-11-01> patch level 2
L3 programming layer <2025-04-14>
(/usr/local/texlive/2025/texmf-dist/tex/latex/base/article.cls
Document Class: article 2024/06/29 v1.4n Standard LaTeX document class
(/usr/local/texlive/2025/texmf-dist/tex/latex/base/size12.clo
File: size12.clo 2024/06/29 v1.4n Standard LaTeX file (size option)
)
\c@part=\count272
\c@section=\count273
\c@subsection=\count274
\c@subsubsection=\count275
\c@paragraph=\count276
\c@subparagraph=\count277
\c@figure=\count278
\c@table=\count279
\abovecaptionskip=\skip49
\belowcaptionskip=\skip50
\bibindent=\dimen146
) (/usr/local/texlive/2025/texmf-dist/tex/latex/fontspec/fontspec.sty (/usr/local/texlive/2025/texmf-dist/tex/latex/l3packages/xparse/xparse.sty (/usr/local/texlive/2025/texmf-dist/tex/latex/l3kernel/expl3.sty
Package: expl3 2025-04-14 L3 programming layer (loader) 
 (/usr/local/texlive/2025/texmf-dist/tex/latex/l3backend/l3backend-pdftex.def
File: l3backend-pdftex.def 2025-04-14 L3 backend support: PDF output (pdfTeX)
\l__color_backend_stack_int=\count280
))
Package: xparse 2024-08-16 L3 Experimental document command parser
)
Package: fontspec 2024/05/11 v2.9e Font selection for XeLaTeX and LuaLaTeX


/usr/local/texlive/2025/texmf-dist/tex/latex/fontspec/fontspec.sty:101: Fatal Package fontspec Error: The fontspec package requires either XeTeX or
(fontspec)                      LuaTeX.
(fontspec)                      
(fontspec)                      You must change your typesetting engine to,
(fontspec)                      e.g., "xelatex" or "lualatex" instead of
(fontspec)                      "latex" or "pdflatex".

Type <return> to continue.
 ...                                              
                                                  
l.101 \msg_fatal:nn {fontspec} {cannot-use-pdftex}
                                                  

LaTeX does not know anything more about this error, sorry.

Try typing <return> to proceed.
If that doesn't work, type X <return> to quit.

This is a fatal error: LaTeX will abort.



/usr/local/texlive/2025/texmf-dist/tex/latex/fontspec/fontspec.sty:101: Emergency stop.
<read *> 
         
l.101 \msg_fatal:nn {fontspec} {cannot-use-pdftex}
                                                  
*** (cannot \read from terminal in nonstop modes)

 
Here is how much of TeX's memory you used:
 550 strings out of 469608
 11778 string characters out of 5470600
 424183 words of memory out of 5000000
 27459 multiletter control sequences out of 15000+600000
 627123 words of font info for 41 fonts, out of 8000000 for 9000
 1141 hyphenation exceptions out of 8191
 73i,0n,77p,329b,42s stack positions out of 10000i,1000n,20000p,200000b,200000s
/usr/local/texlive/2025/texmf-dist/tex/latex/fontspec/fontspec.sty:101:  ==> Fatal error occurred, no output PDF file produced!
